2023-06-22 14:25:22,588 [main] INFO nopCommerce - -------------- Launching Browser----------------
2023-06-22 14:25:22,696 [main] INFO nopCommerce - -------------- Entering URL----------------
2023-06-22 14:28:00,972 [main] INFO nopCommerce - -------------- Launching Browser----------------
2023-06-22 14:28:01,084 [main] INFO nopCommerce - -------------- Entering URL----------------
2023-06-22 14:34:13,928 [main] INFO nopCommerce - -------------- Launching Browser----------------
2023-06-22 14:34:14,042 [main] INFO nopCommerce - -------------- Entering URL----------------
2023-06-22 14:35:04,314 [main] INFO nopCommerce - -------------- Launching Browser----------------
2023-06-22 14:35:04,428 [main] INFO nopCommerce - -------------- Entering URL----------------
2023-06-22 14:35:12,100 [main] INFO nopCommerce - -------------- providing login details----------------
2023-06-22 14:35:12,703 [main] INFO nopCommerce - -------------- clicking on login button----------------
2023-06-22 14:44:11,823 [main] INFO nopCommerce - -------------- Launching Browser----------------
2023-06-22 14:44:12,077 [main] INFO nopCommerce - -------------- Entering URL----------------
2023-06-22 14:44:17,731 [main] INFO nopCommerce - -------------- providing login details----------------
2023-06-22 14:44:18,097 [main] INFO nopCommerce - -------------- clicking on login button----------------
2023-06-22 15:51:30,125 [main] INFO nopCommerce - -------------- Launching Browser----------------
2023-06-22 15:51:31,483 [main] INFO nopCommerce - -------------- Entering URL----------------
2023-06-22 15:52:17,262 [main] INFO nopCommerce - -------------- providing login details----------------
2023-06-22 15:52:20,180 [main] INFO nopCommerce - -------------- clicking on login button----------------
2023-07-09 09:30:30,966 [main] INFO nopCommerce - -------------- Launching Browser----------------
2023-07-09 09:30:31,255 [main] INFO nopCommerce - -------------- Entering URL----------------
2023-07-09 09:36:12,420 [main] INFO nopCommerce - -------------- Launching Browser----------------
2023-07-09 09:36:12,473 [main] INFO nopCommerce - -------------- Entering URL----------------
2023-07-09 09:39:21,689 [main] INFO nopCommerce - -------------- Launching Browser----------------
2023-07-09 09:39:21,765 [main] INFO nopCommerce - -------------- Entering URL----------------
2023-07-09 09:39:27,772 [main] INFO nopCommerce - -------------- providing login details----------------
2023-07-09 09:39:28,202 [main] INFO nopCommerce - -------------- clicking on login button----------------
2023-07-09 09:39:33,342 [main] INFO nopCommerce - -------------- Logging out ----------------
2023-07-09 09:45:14,476 [main] INFO nopCommerce - -------------- Launching Browser----------------
2023-07-09 09:45:14,535 [main] INFO nopCommerce - -------------- Entering URL----------------
2023-07-09 09:45:38,328 [main] INFO nopCommerce - -------------- Launching Browser----------------
2023-07-09 09:45:38,330 [main] INFO nopCommerce - -------------- Entering URL----------------
2023-07-09 09:46:03,141 [main] INFO nopCommerce - -------------- Launching Browser----------------
2023-07-09 09:46:03,143 [main] INFO nopCommerce - -------------- Entering URL----------------
2023-07-09 10:02:25,469 [main] INFO nopCommerce - -------------- Launching Browser----------------
2023-07-09 10:02:25,517 [main] INFO nopCommerce - -------------- Entering URL----------------
2023-07-09 10:02:30,809 [main] INFO nopCommerce - -------------- providing login details----------------
2023-07-09 10:02:31,163 [main] INFO nopCommerce - -------------- clicking on login button----------------
2023-07-09 10:03:14,283 [main] INFO nopCommerce - -------------- Launching Browser----------------
2023-07-09 10:03:14,287 [main] INFO nopCommerce - -------------- Entering URL----------------
2023-07-09 10:03:19,822 [main] INFO nopCommerce - -------------- providing login details----------------
2023-07-09 10:03:20,171 [main] INFO nopCommerce - -------------- clicking on login button----------------
2023-07-09 10:03:49,877 [main] INFO nopCommerce - -------------- Launching Browser----------------
2023-07-09 10:03:49,878 [main] INFO nopCommerce - -------------- Entering URL----------------
2023-07-09 10:03:56,473 [main] INFO nopCommerce - -------------- providing login details----------------
2023-07-09 10:03:56,869 [main] INFO nopCommerce - -------------- clicking on login button----------------
2023-07-09 10:04:23,210 [main] INFO nopCommerce - -------------- Launching Browser----------------
2023-07-09 10:04:23,212 [main] INFO nopCommerce - -------------- Entering URL----------------
2023-07-10 17:04:07,594 [main] INFO nopCommerce - -------------- Launching Browser----------------
2023-07-10 17:04:07,972 [main] INFO nopCommerce - -------------- Entering URL----------------
2023-07-10 17:05:56,329 [main] INFO nopCommerce - -------------- Launching Browser----------------
2023-07-10 17:05:56,383 [main] INFO nopCommerce - -------------- Entering URL----------------
2023-07-10 17:06:52,774 [main] INFO nopCommerce - -------------- Launching Browser----------------
2023-07-10 17:15:26,242 [main] INFO nopCommerce - -------------- Launching Browser----------------
2023-07-10 17:15:26,289 [main] INFO nopCommerce - -------------- Entering URL----------------
2023-07-10 17:15:30,577 [main] INFO nopCommerce - -------------- providing login details----------------
2023-07-10 17:15:31,213 [main] INFO nopCommerce - -------------- clicking on login button----------------
2023-07-10 17:15:36,652 [main] INFO nopCommerce - -------------- Logging out ----------------
2023-07-10 17:16:18,725 [main] INFO nopCommerce - -------------- Launching Browser----------------
2023-07-10 17:16:18,810 [main] INFO nopCommerce - -------------- Entering URL----------------
2023-07-10 17:16:30,594 [main] INFO nopCommerce - -------------- providing login details----------------
2023-07-10 17:16:30,993 [main] INFO nopCommerce - -------------- clicking on login button----------------
2023-07-10 17:16:38,061 [main] INFO nopCommerce - -------------- Logging out ----------------
2023-07-10 17:21:00,941 [main] INFO nopCommerce - -------------- Launching Browser----------------
2023-07-10 17:21:01,112 [main] INFO nopCommerce - -------------- Entering URL----------------
2023-07-10 17:21:10,905 [main] INFO nopCommerce - -------------- providing login details----------------
2023-07-10 17:21:11,332 [main] INFO nopCommerce - -------------- clicking on login button----------------
2023-07-10 17:21:17,714 [main] INFO nopCommerce - -------------- Logging out ----------------
2023-07-10 17:31:42,307 [main] INFO nopCommerce - -------------- Launching Browser----------------
2023-07-10 17:31:49,556 [main] INFO nopCommerce - -------------- Launching Browser----------------
2023-07-10 17:50:16,917 [main] INFO nopCommerce - -------------- Launching Browser----------------
2023-07-10 17:50:17,182 [main] INFO nopCommerce - -------------- Entering URL----------------
2023-07-10 17:50:21,228 [main] INFO nopCommerce - -------------- providing login details----------------
2023-07-10 17:50:21,640 [main] INFO nopCommerce - -------------- clicking on login button----------------
2023-07-10 17:51:01,806 [main] INFO nopCommerce - -------------- Launching Browser----------------
2023-07-10 17:51:01,808 [main] INFO nopCommerce - -------------- Entering URL----------------
2023-07-10 17:51:06,674 [main] INFO nopCommerce - -------------- providing login details----------------
2023-07-10 17:51:07,067 [main] INFO nopCommerce - -------------- clicking on login button----------------
2023-07-10 17:51:35,202 [main] INFO nopCommerce - -------------- Launching Browser----------------
2023-07-10 17:51:35,204 [main] INFO nopCommerce - -------------- Entering URL----------------
2023-07-10 17:51:40,860 [main] INFO nopCommerce - -------------- providing login details----------------
2023-07-10 17:51:41,241 [main] INFO nopCommerce - -------------- clicking on login button----------------
2023-07-10 17:58:25,123 [main] INFO nopCommerce - -------------- Launching Browser----------------
2023-07-10 17:58:25,200 [main] INFO nopCommerce - -------------- Entering URL----------------
2023-07-10 17:58:30,378 [main] INFO nopCommerce - -------------- providing login details----------------
2023-07-10 17:58:30,786 [main] INFO nopCommerce - -------------- clicking on login button----------------
2023-07-10 18:10:11,844 [main] INFO nopCommerce - -------------- Launching Browser----------------
2023-07-10 18:10:11,911 [main] INFO nopCommerce - -------------- Entering URL----------------
2023-07-10 18:10:16,919 [main] INFO nopCommerce - -------------- providing login details----------------
2023-07-10 18:10:17,311 [main] INFO nopCommerce - -------------- clicking on login button----------------
2023-07-10 18:16:43,915 [main] INFO nopCommerce - -------------- Launching Browser----------------
2023-07-10 18:16:44,282 [main] INFO nopCommerce - -------------- Entering URL----------------
2023-07-10 18:21:43,454 [main] INFO nopCommerce - -------------- Launching Browser----------------
2023-07-10 18:21:43,512 [main] INFO nopCommerce - -------------- Entering URL----------------
2023-07-11 18:49:29,399 [main] INFO nopCommerce - -------------- Launching Browser----------------
2023-07-11 18:49:29,494 [main] INFO nopCommerce - -------------- Entering URL----------------
2023-07-11 19:15:50,408 [main] INFO nopCommerce - -------------- Launching Browser----------------
2023-07-11 19:15:50,503 [main] INFO nopCommerce - -------------- Entering URL----------------
2023-07-11 19:15:52,890 [main] INFO nopCommerce - -------------- providing login details----------------
2023-07-11 19:15:53,596 [main] INFO nopCommerce - -------------- clicking on login button----------------
2023-07-11 19:15:58,179 [main] INFO nopCommerce - -------------- Logging out ----------------
2023-07-11 19:26:18,306 [main] INFO nopCommerce - -------------- Launching Browser----------------
2023-07-11 19:26:18,441 [main] INFO nopCommerce - -------------- Entering URL----------------
2023-07-11 19:26:28,374 [main] INFO nopCommerce - -------------- Launching Browser----------------
2023-07-11 19:26:28,376 [main] INFO nopCommerce - -------------- Entering URL----------------
2023-07-11 19:26:38,365 [main] INFO nopCommerce - -------------- Launching Browser----------------
2023-07-11 19:26:38,367 [main] INFO nopCommerce - -------------- Entering URL----------------
2023-07-11 19:49:37,661 [main] INFO nopCommerce - -------------- Launching Browser----------------
2023-07-11 19:49:37,750 [main] INFO nopCommerce - -------------- Entering URL----------------
2023-07-11 19:49:39,806 [main] INFO nopCommerce - -------------- providing login details----------------
2023-07-11 19:49:40,253 [main] INFO nopCommerce - -------------- clicking on login button----------------
2023-07-11 19:52:41,924 [main] INFO nopCommerce - -------------- Launching Browser----------------
2023-07-11 19:52:42,005 [main] INFO nopCommerce - -------------- Entering URL----------------
2023-07-11 19:52:44,491 [main] INFO nopCommerce - -------------- providing login details----------------
2023-07-11 19:52:44,922 [main] INFO nopCommerce - -------------- clicking on login button----------------
2023-07-11 19:53:25,241 [main] INFO nopCommerce - -------------- Launching Browser----------------
2023-07-11 19:53:25,244 [main] INFO nopCommerce - -------------- Entering URL----------------
2023-07-11 19:53:27,967 [main] INFO nopCommerce - -------------- providing login details----------------
2023-07-11 19:53:28,367 [main] INFO nopCommerce - -------------- clicking on login button----------------
2023-07-11 19:53:52,799 [main] INFO nopCommerce - -------------- Launching Browser----------------
2023-07-11 19:53:52,801 [main] INFO nopCommerce - -------------- Entering URL----------------
2023-07-11 19:53:56,741 [main] INFO nopCommerce - -------------- providing login details----------------
2023-07-11 19:53:57,163 [main] INFO nopCommerce - -------------- clicking on login button----------------
2023-07-11 20:16:40,832 [main] INFO nopCommerce - -------------- Launching Browser----------------
2023-07-11 20:16:40,959 [main] INFO nopCommerce - -------------- Entering URL----------------
2023-07-11 20:16:43,813 [main] INFO nopCommerce - -------------- providing login details----------------
2023-07-11 20:16:44,299 [main] INFO nopCommerce - -------------- clicking on login button----------------
2023-07-11 20:17:25,186 [main] INFO nopCommerce - -------------- Launching Browser----------------
2023-07-11 20:17:25,189 [main] INFO nopCommerce - -------------- Entering URL----------------
2023-07-11 20:17:26,502 [main] INFO nopCommerce - -------------- providing login details----------------
2023-07-11 20:17:26,948 [main] INFO nopCommerce - -------------- clicking on login button----------------
2023-07-11 20:17:52,536 [main] INFO nopCommerce - -------------- Launching Browser----------------
2023-07-11 20:17:52,538 [main] INFO nopCommerce - -------------- Entering URL----------------
2023-07-11 20:17:53,804 [main] INFO nopCommerce - -------------- providing login details----------------
2023-07-11 20:17:54,213 [main] INFO nopCommerce - -------------- clicking on login button----------------
2023-07-11 20:23:40,039 [main] INFO nopCommerce - -------------- Launching Browser----------------
2023-07-11 20:23:40,172 [main] INFO nopCommerce - -------------- Entering URL----------------
2023-07-11 20:23:42,217 [main] INFO nopCommerce - -------------- providing login details----------------
2023-07-11 20:23:42,682 [main] INFO nopCommerce - -------------- clicking on login button----------------
2023-07-11 20:24:25,702 [main] INFO nopCommerce - -------------- Launching Browser----------------
2023-07-11 20:24:25,705 [main] INFO nopCommerce - -------------- Entering URL----------------
2023-07-11 20:24:28,322 [main] INFO nopCommerce - -------------- providing login details----------------
2023-07-11 20:24:28,724 [main] INFO nopCommerce - -------------- clicking on login button----------------
2023-07-11 20:24:52,940 [main] INFO nopCommerce - -------------- Launching Browser----------------
2023-07-11 20:24:52,942 [main] INFO nopCommerce - -------------- Entering URL----------------
2023-07-11 20:24:55,885 [main] INFO nopCommerce - -------------- providing login details----------------
2023-07-11 20:24:56,361 [main] INFO nopCommerce - -------------- clicking on login button----------------
2023-07-11 20:30:46,556 [main] INFO nopCommerce - -------------- Launching Browser----------------
2023-07-11 20:30:46,667 [main] INFO nopCommerce - -------------- Entering URL----------------
2023-07-11 20:30:49,452 [main] INFO nopCommerce - -------------- providing login details----------------
2023-07-11 20:30:49,900 [main] INFO nopCommerce - -------------- clicking on login button----------------
2023-07-11 20:31:32,724 [main] INFO nopCommerce - -------------- Launching Browser----------------
2023-07-11 20:31:32,727 [main] INFO nopCommerce - -------------- Entering URL----------------
2023-07-11 20:31:33,863 [main] INFO nopCommerce - -------------- providing login details----------------
2023-07-11 20:31:34,284 [main] INFO nopCommerce - -------------- clicking on login button----------------
2023-07-11 20:31:58,894 [main] INFO nopCommerce - -------------- Launching Browser----------------
2023-07-11 20:31:58,899 [main] INFO nopCommerce - -------------- Entering URL----------------
2023-07-11 20:32:00,601 [main] INFO nopCommerce - -------------- providing login details----------------
2023-07-11 20:32:01,063 [main] INFO nopCommerce - -------------- clicking on login button----------------
2023-07-11 20:38:55,451 [main] INFO nopCommerce - -------------- Launching Browser----------------
2023-07-11 20:38:55,604 [main] INFO nopCommerce - -------------- Entering URL----------------
2023-07-11 20:38:58,928 [main] INFO nopCommerce - -------------- providing login details----------------
2023-07-11 20:38:59,438 [main] INFO nopCommerce - -------------- clicking on login button----------------
2023-07-11 20:39:42,253 [main] INFO nopCommerce - -------------- Launching Browser----------------
2023-07-11 20:39:42,256 [main] INFO nopCommerce - -------------- Entering URL----------------
2023-07-11 20:39:43,634 [main] INFO nopCommerce - -------------- providing login details----------------
2023-07-11 20:39:44,086 [main] INFO nopCommerce - -------------- clicking on login button----------------
2023-07-11 20:40:08,669 [main] INFO nopCommerce - -------------- Launching Browser----------------
2023-07-11 20:40:08,673 [main] INFO nopCommerce - -------------- Entering URL----------------
2023-07-11 20:40:10,809 [main] INFO nopCommerce - -------------- providing login details----------------
2023-07-11 20:40:11,284 [main] INFO nopCommerce - -------------- clicking on login button----------------
2023-07-11 22:04:03,208 [main] INFO nopCommerce - -------------- Launching Browser----------------
2023-07-11 22:04:03,336 [main] INFO nopCommerce - -------------- Entering URL----------------
2023-07-11 22:04:05,710 [main] INFO nopCommerce - -------------- providing login details----------------
2023-07-11 22:04:06,486 [main] INFO nopCommerce - -------------- clicking on login button----------------
2023-07-11 22:04:48,672 [main] INFO nopCommerce - -------------- Launching Browser----------------
2023-07-11 22:04:48,675 [main] INFO nopCommerce - -------------- Entering URL----------------
2023-07-11 22:04:50,882 [main] INFO nopCommerce - -------------- providing login details----------------
2023-07-11 22:04:51,333 [main] INFO nopCommerce - -------------- clicking on login button----------------
2023-07-11 22:05:14,292 [main] INFO nopCommerce - -------------- Launching Browser----------------
2023-07-11 22:05:14,298 [main] INFO nopCommerce - -------------- Entering URL----------------
2023-07-11 22:05:19,300 [main] INFO nopCommerce - -------------- providing login details----------------
2023-07-11 22:05:19,844 [main] INFO nopCommerce - -------------- clicking on login button----------------
2023-07-11 22:06:30,973 [main] INFO nopCommerce - -------------- Launching Browser----------------
2023-07-11 22:06:31,097 [main] INFO nopCommerce - -------------- Entering URL----------------
2023-07-11 22:06:32,307 [main] INFO nopCommerce - -------------- providing login details----------------
2023-07-11 22:06:32,754 [main] INFO nopCommerce - -------------- clicking on login button----------------
2023-07-11 22:07:14,334 [main] INFO nopCommerce - -------------- Launching Browser----------------
2023-07-11 22:07:14,337 [main] INFO nopCommerce - -------------- Entering URL----------------
2023-07-11 22:07:15,516 [main] INFO nopCommerce - -------------- providing login details----------------
2023-07-11 22:07:15,940 [main] INFO nopCommerce - -------------- clicking on login button----------------
2023-07-11 22:07:41,718 [main] INFO nopCommerce - -------------- Launching Browser----------------
2023-07-11 22:07:41,722 [main] INFO nopCommerce - -------------- Entering URL----------------
2023-07-11 22:07:44,469 [main] INFO nopCommerce - -------------- providing login details----------------
2023-07-11 22:07:44,988 [main] INFO nopCommerce - -------------- clicking on login button----------------
2023-07-11 22:22:10,927 [main] INFO nopCommerce - -------------- Launching Browser----------------
2023-07-11 22:22:11,023 [main] INFO nopCommerce - -------------- Entering URL----------------
2023-07-11 22:22:13,046 [main] INFO nopCommerce - -------------- providing login details----------------
2023-07-11 22:22:13,515 [main] INFO nopCommerce - -------------- clicking on login button----------------
2023-07-11 22:22:55,440 [main] INFO nopCommerce - -------------- Launching Browser----------------
2023-07-11 22:22:55,444 [main] INFO nopCommerce - -------------- Entering URL----------------
2023-07-11 22:22:58,075 [main] INFO nopCommerce - -------------- providing login details----------------
2023-07-11 22:22:58,496 [main] INFO nopCommerce - -------------- clicking on login button----------------
2023-07-11 22:23:24,674 [main] INFO nopCommerce - -------------- Launching Browser----------------
2023-07-11 22:23:24,677 [main] INFO nopCommerce - -------------- Entering URL----------------
2023-07-11 22:23:26,693 [main] INFO nopCommerce - -------------- providing login details----------------
2023-07-11 22:23:27,127 [main] INFO nopCommerce - -------------- clicking on login button----------------
2023-07-11 22:50:45,330 [main] INFO nopCommerce - -------------- Launching Browser----------------
2023-07-11 22:50:45,467 [main] INFO nopCommerce - -------------- Entering URL----------------
2023-07-11 22:50:48,451 [main] INFO nopCommerce - -------------- providing login details----------------
2023-07-11 22:50:48,942 [main] INFO nopCommerce - -------------- clicking on login button----------------
2023-07-11 22:51:30,616 [main] INFO nopCommerce - -------------- Launching Browser----------------
2023-07-11 22:51:30,619 [main] INFO nopCommerce - -------------- Entering URL----------------
2023-07-11 22:51:33,243 [main] INFO nopCommerce - -------------- providing login details----------------
2023-07-11 22:51:33,675 [main] INFO nopCommerce - -------------- clicking on login button----------------
2023-07-11 22:52:04,182 [main] INFO nopCommerce - -------------- Launching Browser----------------
2023-07-11 22:52:04,185 [main] INFO nopCommerce - -------------- Entering URL----------------
2023-07-11 22:52:07,338 [main] INFO nopCommerce - -------------- providing login details----------------
2023-07-11 22:52:07,781 [main] INFO nopCommerce - -------------- clicking on login button----------------
